Build started 18/08/2013 16:44:38.
     1>Project "D:\FreeRTOSV7.5.2\FreeRTOS\Demo\WIN32-MSVC\WIN32.vcxproj" on node 2 (Build target(s)).
     1>ClCompile:
         C:\Program Files (x86)\Microsoft Visual Studio 11.0\VC\bin\CL.exe /c /I..\..\Source\include /I"..\..\Source\portable\MSVC-MingW" /I..\Common\Include /I"..\..\..\FreeRTOS-Plus\Source\FreeRTOS-Plus-Trace\Include" /I.\Trace_Recorder_Configuration /I. /ZI /nologo /W4 /WX- /Od /Oy- /D WIN32 /D _DEBUG /D _CONSOLE /D _WIN32_WINNT=0x0500 /D WINVER=0x400 /D _CRT_SECURE_NO_WARNINGS /D _VC80_UPGRADE=0x0600 /D _MBCS /Gm /EHsc /RTC1 /MTd /GS /fp:precise /Zc:wchar_t /Zc:forScope /Fo".\Debug/" /Fd".\Debug/vc110.pdb" /Gd /TC /analyze- /errorReport:prompt /wd4210 demo_main.c
         demo_main.c
     1>d:\freertosv7.5.2\freertos\demo\win32-msvc\demo_main.c(34): warning C4100: 'item' : unreferenced formal parameter
     1>d:\freertosv7.5.2\freertos\demo\win32-msvc\demo_main.c(78): warning C4100: 'pvParameters' : unreferenced formal parameter
     1>d:\freertosv7.5.2\freertos\demo\win32-msvc\demo_main.c(97): warning C4100: 'p' : unreferenced formal parameter
     1>d:\freertosv7.5.2\freertos\demo\win32-msvc\demo_main.c(44): warning C4716: 'insert_item' : must return a value
     1>d:\freertosv7.5.2\freertos\demo\win32-msvc\demo_main.c(36): warning C4716: 'consume_item' : must return a value
       Link:
         C:\Program Files (x86)\Microsoft Visual Studio 11.0\VC\bin\link.exe /ERRORREPORT:PROMPT /OUT:".\Debug/RTOSDemo.exe" /INCREMENTAL /NOLOGO kernel32.lib user32.lib gdi32.lib winspool.lib comdlg32.lib advapi32.lib shell32.lib ole32.lib oleaut32.lib uuid.lib odbc32.lib odbccp32.lib /MANIFEST /MANIFESTUAC:"level='asInvoker' uiAccess='false'" /manifest:embed /DEBUG /PDB:".\Debug/WIN32.pdb" /SUBSYSTEM:CONSOLE /TLBID:1 /DYNAMICBASE /NXCOMPAT /IMPLIB:".\Debug\RTOSDemo.lib" /MACHINE:X86 /SAFESEH .\Debug/trcBase.obj
         .\Debug/trcHardwarePort.obj
         .\Debug/trcKernel.obj
         .\Debug/trcKernelPort.obj
         .\Debug/trcUser.obj
         .\Debug/croutine.obj
         .\Debug/heap_4.obj
         .\Debug/timers.obj
         .\Debug/BlockQ.obj
         .\Debug/blocktim.obj
         .\Debug/countsem.obj
         .\Debug/death.obj
         .\Debug/dynamic.obj
         .\Debug/flop.obj
         .\Debug/GenQTest.obj
         .\Debug/integer.obj
         .\Debug/PollQ.obj
         .\Debug/QPeek.obj
         .\Debug/QueueOverwrite.obj
         .\Debug/QueueSet.obj
         .\Debug/semtest.obj
         .\Debug/timerdemo.obj
         .\Debug/recmutex.obj
         .\Debug/demo_main.obj
         .\Debug/main.obj
         .\Debug/list.obj
         .\Debug/port.obj
         .\Debug/queue.obj
         .\Debug/tasks.obj
         .\Debug/main_blinky.obj
         .\Debug/main_full.obj
         ".\Debug/Run-time-stats-utils.obj"
         WIN32.vcxproj -> D:\FreeRTOSV7.5.2\FreeRTOS\Demo\WIN32-MSVC\.\Debug\RTOSDemo.exe
     1>Done Building Project "D:\FreeRTOSV7.5.2\FreeRTOS\Demo\WIN32-MSVC\WIN32.vcxproj" (Build target(s)).

Build succeeded.

Time Elapsed 00:00:01.42
